<?xml version="1.0" encoding="UTF-8"?>
<!-- Generated by org.testng.reporters.JUnitXMLReporter -->
<testsuite hostname="C-5CG8202KZJ" ignored="0" name="Command line test" tests="3" failures="0" timestamp="20 Jun 2020 20:18:33 GMT" time="21.809" errors="0">
  <testcase name="login" time="1.203" classname="listenerDemo.TestCase"/>
  <testcase name="login" time="1.245" classname="listenerDemo.TestCase2"/>
  <testcase name="login" time="1.307" classname="listenerDemo.TestCase_ExtentReport"/>
</testsuite> <!-- Command line test -->
