<?xml version="1.0" encoding="UTF-8"?>
<testng-results skipped="0" failed="0" ignored="0" total="3" passed="3">
  <reporter-output>
  </reporter-output>
  <suite name="Command line suite" duration-ms="21809" started-at="2020-06-20T20:18:11Z" finished-at="2020-06-20T20:18:33Z">
    <groups>
    </groups>
    <test name="Command line test" duration-ms="21809" started-at="2020-06-20T20:18:11Z" finished-at="2020-06-20T20:18:33Z">
      <class name="listenerDemo.TestCase_ExtentReport">
        <test-method status="PASS" signature="setup()[pri:0, instance:listenerDemo.TestCase_ExtentReport@380fb434]" name="setup" is-config="true" duration-ms="4666" started-at="2020-06-20T20:18:26Z" finished-at="2020-06-20T20:18:30Z">
          <reporter-output>
          </reporter-output>
        </test-method> <!-- setup -->
        <test-method status="PASS" signature="login()[pri:0, instance:listenerDemo.TestCase_ExtentReport@380fb434]" name="login" duration-ms="1307" started-at="2020-06-20T20:18:30Z" finished-at="2020-06-20T20:18:32Z">
          <reporter-output>
          </reporter-output>
        </test-method> <!-- login -->
        <test-method status="PASS" signature="tearDown()[pri:0, instance:listenerDemo.TestCase_ExtentReport@380fb434]" name="tearDown" is-config="true" duration-ms="1127" started-at="2020-06-20T20:18:32Z" finished-at="2020-06-20T20:18:33Z">
          <reporter-output>
          </reporter-output>
        </test-method> <!-- tearDown -->
      </class> <!-- listenerDemo.TestCase_ExtentReport -->
      <class name="listenerDemo.TestCase2">
        <test-method status="PASS" signature="setup()[pri:0, instance:listenerDemo.TestCase2@21bcffb5]" name="setup" is-config="true" duration-ms="4544" started-at="2020-06-20T20:18:19Z" finished-at="2020-06-20T20:18:24Z">
          <reporter-output>
          </reporter-output>
        </test-method> <!-- setup -->
        <test-method status="PASS" signature="login()[pri:0, instance:listenerDemo.TestCase2@21bcffb5]" name="login" duration-ms="1245" started-at="2020-06-20T20:18:24Z" finished-at="2020-06-20T20:18:25Z">
          <reporter-output>
          </reporter-output>
        </test-method> <!-- login -->
        <test-method status="PASS" signature="tearDown()[pri:0, instance:listenerDemo.TestCase2@21bcffb5]" name="tearDown" is-config="true" duration-ms="731" started-at="2020-06-20T20:18:25Z" finished-at="2020-06-20T20:18:26Z">
          <reporter-output>
          </reporter-output>
        </test-method> <!-- tearDown -->
      </class> <!-- listenerDemo.TestCase2 -->
      <class name="listenerDemo.TestCase">
        <test-method status="PASS" signature="setup()[pri:0, instance:listenerDemo.TestCase@5ebec15]" name="setup" is-config="true" duration-ms="5798" started-at="2020-06-20T20:18:11Z" finished-at="2020-06-20T20:18:17Z">
          <reporter-output>
          </reporter-output>
        </test-method> <!-- setup -->
        <test-method status="PASS" signature="login()[pri:0, instance:listenerDemo.TestCase@5ebec15]" name="login" duration-ms="1203" started-at="2020-06-20T20:18:17Z" finished-at="2020-06-20T20:18:18Z">
          <reporter-output>
          </reporter-output>
        </test-method> <!-- login -->
        <test-method status="PASS" signature="tearDown()[pri:0, instance:listenerDemo.TestCase@5ebec15]" name="tearDown" is-config="true" duration-ms="1151" started-at="2020-06-20T20:18:18Z" finished-at="2020-06-20T20:18:19Z">
          <reporter-output>
          </reporter-output>
        </test-method> <!-- tearDown -->
      </class> <!-- listenerDemo.TestCase -->
    </test> <!-- Command line test -->
  </suite> <!-- Command line suite -->
</testng-results>
