<?xml version="1.0" encoding="UTF-8"?>
<testng-results skipped="0" failed="0" ignored="0" total="1" passed="1">
  <reporter-output>
  </reporter-output>
  <suite name="Default suite" duration-ms="8487" started-at="2020-06-20T16:20:29 EDT" finished-at="2020-06-20T16:20:37 EDT">
    <groups>
    </groups>
    <test name="Default test" duration-ms="8487" started-at="2020-06-20T16:20:29 EDT" finished-at="2020-06-20T16:20:37 EDT">
      <class name="listenerDemo.TestCase_ExtentReport">
        <test-method status="PASS" signature="setup()[pri:0, instance:listenerDemo.TestCase_ExtentReport@50b494a6]" name="setup" is-config="true" duration-ms="6119" started-at="2020-06-20T16:20:29 EDT" finished-at="2020-06-20T16:20:35 EDT">
          <reporter-output>
          </reporter-output>
        </test-method> <!-- setup -->
        <test-method status="PASS" signature="login()[pri:0, instance:listenerDemo.TestCase_ExtentReport@50b494a6]" name="login" duration-ms="1213" started-at="2020-06-20T16:20:35 EDT" finished-at="2020-06-20T16:20:36 EDT">
          <reporter-output>
          </reporter-output>
        </test-method> <!-- login -->
        <test-method status="PASS" signature="tearDown()[pri:0, instance:listenerDemo.TestCase_ExtentReport@50b494a6]" name="tearDown" is-config="true" duration-ms="1101" started-at="2020-06-20T16:20:36 EDT" finished-at="2020-06-20T16:20:37 EDT">
          <reporter-output>
          </reporter-output>
        </test-method> <!-- tearDown -->
      </class> <!-- listenerDemo.TestCase_ExtentReport -->
    </test> <!-- Default test -->
  </suite> <!-- Default suite -->
</testng-results>
